This file contains any messages produced by compilers while
running configure, to aid debugging if configure makes a mistake.

It was created by configure, which was
generated by GNU Autoconf 2.59.  Invocation command line was

  $ ./configure 

## --------- ##
## Platform. ##
## --------- ##

hostname = os
uname -m = x86_64
uname -r = 3.12.54-10-rt
uname -s = Linux
uname -v = #1 SMP PREEMPT RT Tue Feb 16 08:01:38 UTC 2016 (f32a101)

/usr/bin/uname -p = x86_64
/bin/uname -X     = unknown

/bin/arch              = x86_64
/usr/bin/arch -k       = unknown
/usr/convex/getsysinfo = unknown
hostinfo               = unknown
/bin/machine           = unknown
/usr/bin/oslevel       = unknown
/bin/universe          = unknown

PATH: /home/op/a8ru3h/bin
PATH: /usr/local/bin
PATH: /usr/bin
PATH: /bin
PATH: /usr/bin/X11
PATH: /usr/games


## ----------- ##
## Core tests. ##
## ----------- ##

configure:1395: checking for a BSD-compatible install
configure:1450: result: /usr/bin/install -c
configure:1461: checking whether build environment is sane
configure:1504: result: yes
configure:1561: checking for gawk
configure:1577: found /usr/bin/gawk
configure:1587: result: gawk
configure:1597: checking whether make sets $(MAKE)
configure:1617: result: yes
configure:1784: checking whether to enable maintainer-specific portions of Makefiles
configure:1793: result: no
configure:1815: checking build system type
configure:1833: result: x86_64-suse-linux
configure:1841: checking host system type
configure:1855: result: x86_64-suse-linux
configure:1876: checking for style of include used by make
configure:1904: result: GNU
configure:1975: checking for gcc
configure:1991: found /usr/bin/gcc
configure:2001: result: gcc
configure:2245: checking for C compiler version
configure:2248: gcc --version </dev/null >&5
gcc (SUSE Linux) 4.8.5
Copyright (C) 2015 Free Software Foundation, Inc.
This is free software; see the source for copying conditions.  There is NO
warranty; not even for MERCHANTABILITY or FITNESS FOR A PARTICULAR PURPOSE.

configure:2251: $? = 0
configure:2253: gcc -v </dev/null >&5
Using built-in specs.
COLLECT_GCC=gcc
COLLECT_LTO_WRAPPER=/usr/lib64/gcc/x86_64-suse-linux/4.8/lto-wrapper
Target: x86_64-suse-linux
Configured with: ../configure --prefix=/usr --infodir=/usr/share/info --mandir=/usr/share/man --libdir=/usr/lib64 --libexecdir=/usr/lib64 --enable-languages=c,c++,objc,fortran,obj-c++,java,ada --enable-checking=release --with-gxx-include-dir=/usr/include/c++/4.8 --enable-ssp --disable-libssp --disable-plugin --with-bugurl=http://bugs.opensuse.org/ --with-pkgversion='SUSE Linux' --disable-libgcj --disable-libmudflap --with-slibdir=/lib64 --with-system-zlib --enable-__cxa_atexit --enable-libstdcxx-allocator=new --disable-libstdcxx-pch --enable-version-specific-runtime-libs --enable-linker-build-id --enable-linux-futex --program-suffix=-4.8 --without-system-libunwind --with-arch-32=i586 --with-tune=generic --build=x86_64-suse-linux --host=x86_64-suse-linux
Thread model: posix
gcc version 4.8.5 (SUSE Linux) 
configure:2256: $? = 0
configure:2258: gcc -V </dev/null >&5
gcc: error: unrecognized command line option '-V'
gcc: fatal error: no input files
compilation terminated.
configure:2261: $? = 1
configure:2284: checking for C compiler default output file name
configure:2287: gcc    conftest.c  >&5
configure:2290: $? = 0
configure:2336: result: a.out
configure:2341: checking whether the C compiler works
configure:2347: ./a.out
configure:2350: $? = 0
configure:2367: result: yes
configure:2374: checking whether we are cross compiling
configure:2376: result: no
configure:2379: checking for suffix of executables
configure:2381: gcc -o conftest    conftest.c  >&5
configure:2384: $? = 0
configure:2409: result: 
configure:2415: checking for suffix of object files
configure:2436: gcc -c   conftest.c >&5
configure:2439: $? = 0
configure:2461: result: o
configure:2465: checking whether we are using the GNU C compiler
configure:2489: gcc -c   conftest.c >&5
configure:2495: $? = 0
configure:2499: test -z 
			 || test ! -s conftest.err
configure:2502: $? = 0
configure:2505: test -s conftest.o
configure:2508: $? = 0
configure:2521: result: yes
configure:2527: checking whether gcc accepts -g
configure:2548: gcc -c -g  conftest.c >&5
configure:2554: $? = 0
configure:2558: test -z 
			 || test ! -s conftest.err
configure:2561: $? = 0
configure:2564: test -s conftest.o
configure:2567: $? = 0
configure:2578: result: yes
configure:2595: checking for gcc option to accept ANSI C
configure:2665: gcc  -c -g -O2  conftest.c >&5
configure:2671: $? = 0
configure:2675: test -z 
			 || test ! -s conftest.err
configure:2678: $? = 0
configure:2681: test -s conftest.o
configure:2684: $? = 0
configure:2702: result: none needed
configure:2720: gcc -c -g -O2  conftest.c >&5
conftest.c:2:3: error: unknown type name 'choke'
   choke me
   ^
conftest.c:2:3: error: expected '=', ',', ';', 'asm' or '__attribute__' at end of input
configure:2726: $? = 1
configure: failed program was:
| #ifndef __cplusplus
|   choke me
| #endif
configure:2861: checking dependency style of gcc
configure:2946: result: gcc3
configure:2969: checking how to run the C preprocessor
configure:3004: gcc -E  conftest.c
configure:3010: $? = 0
configure:3042: gcc -E  conftest.c
conftest.c:11:28: fatal error: ac_nonexistent.h: No such file or directory
 #include <ac_nonexistent.h>
                            ^
compilation terminated.
configure:3048: $? = 1
configure: failed program was:
| /* confdefs.h.  */
| 
| #define PACKAGE_NAME ""
| #define PACKAGE_TARNAME ""
| #define PACKAGE_VERSION ""
| #define PACKAGE_STRING ""
| #define PACKAGE_BUGREPORT ""
| #define PACKAGE "mc"
| #define VERSION "4.6.1"
| /* end confdefs.h.  */
| #include <ac_nonexistent.h>
configure:3087: result: gcc -E
configure:3111: gcc -E  conftest.c
configure:3117: $? = 0
configure:3149: gcc -E  conftest.c
conftest.c:11:28: fatal error: ac_nonexistent.h: No such file or directory
 #include <ac_nonexistent.h>
                            ^
compilation terminated.
configure:3155: $? = 1
configure: failed program was:
| /* confdefs.h.  */
| 
| #define PACKAGE_NAME ""
| #define PACKAGE_TARNAME ""
| #define PACKAGE_VERSION ""
| #define PACKAGE_STRING ""
| #define PACKAGE_BUGREPORT ""
| #define PACKAGE "mc"
| #define VERSION "4.6.1"
| /* end confdefs.h.  */
| #include <ac_nonexistent.h>
configure:3199: checking for egrep
configure:3209: result: grep -E
configure:3215: checking for AIX
configure:3237: result: no
configure:3243: checking for ANSI C header files
configure:3268: gcc -c -g -O2  conftest.c >&5
configure:3274: $? = 0
configure:3278: test -z 
			 || test ! -s conftest.err
configure:3281: $? = 0
configure:3284: test -s conftest.o
configure:3287: $? = 0
configure:3376: gcc -o conftest -g -O2   conftest.c  >&5
conftest.c: In function 'main':
conftest.c:28:7: warning: incompatible implicit declaration of built-in function 'exit' [enabled by default]
       exit(2);
       ^
configure:3379: $? = 0
configure:3381: ./conftest
configure:3384: $? = 0
configure:3399: result: yes
configure:3423: checking for sys/types.h
configure:3439: gcc -c -g -O2  conftest.c >&5
configure:3445: $? = 0
configure:3449: test -z 
			 || test ! -s conftest.err
configure:3452: $? = 0
configure:3455: test -s conftest.o
configure:3458: $? = 0
configure:3469: result: yes
configure:3423: checking for sys/stat.h
configure:3439: gcc -c -g -O2  conftest.c >&5
configure:3445: $? = 0
configure:3449: test -z 
			 || test ! -s conftest.err
configure:3452: $? = 0
configure:3455: test -s conftest.o
configure:3458: $? = 0
configure:3469: result: yes
configure:3423: checking for stdlib.h
configure:3439: gcc -c -g -O2  conftest.c >&5
configure:3445: $? = 0
configure:3449: test -z 
			 || test ! -s conftest.err
configure:3452: $? = 0
configure:3455: test -s conftest.o
configure:3458: $? = 0
configure:3469: result: yes
configure:3423: checking for string.h
configure:3439: gcc -c -g -O2  conftest.c >&5
configure:3445: $? = 0
configure:3449: test -z 
			 || test ! -s conftest.err
configure:3452: $? = 0
configure:3455: test -s conftest.o
configure:3458: $? = 0
configure:3469: result: yes
configure:3423: checking for memory.h
configure:3439: gcc -c -g -O2  conftest.c >&5
configure:3445: $? = 0
configure:3449: test -z 
			 || test ! -s conftest.err
configure:3452: $? = 0
configure:3455: test -s conftest.o
configure:3458: $? = 0
configure:3469: result: yes
configure:3423: checking for strings.h
configure:3439: gcc -c -g -O2  conftest.c >&5
configure:3445: $? = 0
configure:3449: test -z 
			 || test ! -s conftest.err
configure:3452: $? = 0
configure:3455: test -s conftest.o
configure:3458: $? = 0
configure:3469: result: yes
configure:3423: checking for inttypes.h
configure:3439: gcc -c -g -O2  conftest.c >&5
configure:3445: $? = 0
configure:3449: test -z 
			 || test ! -s conftest.err
configure:3452: $? = 0
configure:3455: test -s conftest.o
configure:3458: $? = 0
configure:3469: result: yes
configure:3423: checking for stdint.h
configure:3439: gcc -c -g -O2  conftest.c >&5
configure:3445: $? = 0
configure:3449: test -z 
			 || test ! -s conftest.err
configure:3452: $? = 0
configure:3455: test -s conftest.o
configure:3458: $? = 0
configure:3469: result: yes
configure:3423: checking for unistd.h
configure:3439: gcc -c -g -O2  conftest.c >&5
configure:3445: $? = 0
configure:3449: test -z 
			 || test ! -s conftest.err
configure:3452: $? = 0
configure:3455: test -s conftest.o
configure:3458: $? = 0
configure:3469: result: yes
configure:3491: checking minix/config.h usability
configure:3503: gcc -c -g -O2  conftest.c >&5
conftest.c:55:26: fatal error: minix/config.h: No such file or directory
 #include <minix/config.h>
                          ^
compilation terminated.
configure:3509: $? = 1
configure: failed program was:
| /* confdefs.h.  */
| 
| #define PACKAGE_NAME ""
| #define PACKAGE_TARNAME ""
| #define PACKAGE_VERSION ""
| #define PACKAGE_STRING ""
| #define PACKAGE_BUGREPORT ""
| #define PACKAGE "mc"
| #define VERSION "4.6.1"
| #define STDC_HEADERS 1
| #define HAVE_SYS_TYPES_H 1
| #define HAVE_SYS_STAT_H 1
| #define HAVE_STDLIB_H 1
| #define HAVE_STRING_H 1
| #define HAVE_MEMORY_H 1
| #define HAVE_STRINGS_H 1
| #define HAVE_INTTYPES_H 1
| #define HAVE_STDINT_H 1
| #define HAVE_UNISTD_H 1
| /* end confdefs.h.  */
| #include <stdio.h>
| #if HAVE_SYS_TYPES_H
| # include <sys/types.h>
| #endif
| #if HAVE_SYS_STAT_H
| # include <sys/stat.h>
| #endif
| #if STDC_HEADERS
| # include <stdlib.h>
| # include <stddef.h>
| #else
| # if HAVE_STDLIB_H
| #  include <stdlib.h>
| # endif
| #endif
| #if HAVE_STRING_H
| # if !STDC_HEADERS && HAVE_MEMORY_H
| #  include <memory.h>
| # endif
| # include <string.h>
| #endif
| #if HAVE_STRINGS_H
| # include <strings.h>
| #endif
| #if HAVE_INTTYPES_H
| # include <inttypes.h>
| #else
| # if HAVE_STDINT_H
| #  include <stdint.h>
| # endif
| #endif
| #if HAVE_UNISTD_H
| # include <unistd.h>
| #endif
| #include <minix/config.h>
configure:3532: result: no
configure:3536: checking minix/config.h presence
configure:3546: gcc -E  conftest.c
conftest.c:21:26: fatal error: minix/config.h: No such file or directory
 #include <minix/config.h>
                          ^
compilation terminated.
configure:3552: $? = 1
configure: failed program was:
| /* confdefs.h.  */
| 
| #define PACKAGE_NAME ""
| #define PACKAGE_TARNAME ""
| #define PACKAGE_VERSION ""
| #define PACKAGE_STRING ""
| #define PACKAGE_BUGREPORT ""
| #define PACKAGE "mc"
| #define VERSION "4.6.1"
| #define STDC_HEADERS 1
| #define HAVE_SYS_TYPES_H 1
| #define HAVE_SYS_STAT_H 1
| #define HAVE_STDLIB_H 1
| #define HAVE_STRING_H 1
| #define HAVE_MEMORY_H 1
| #define HAVE_STRINGS_H 1
| #define HAVE_INTTYPES_H 1
| #define HAVE_STDINT_H 1
| #define HAVE_UNISTD_H 1
| /* end confdefs.h.  */
| #include <minix/config.h>
configure:3572: result: no
configure:3607: checking for minix/config.h
configure:3614: result: no
configure:3643: checking for library containing strerror
configure:3673: gcc -o conftest -g -O2   conftest.c  >&5
configure:3679: $? = 0
configure:3683: test -z 
			 || test ! -s conftest.err
configure:3686: $? = 0
configure:3689: test -s conftest
configure:3692: $? = 0
configure:3762: result: none required
configure:3795: checking for pkg-config
configure:3813: found /usr/bin/pkg-config
configure:3826: result: /usr/bin/pkg-config
configure:3843: checking for glib-2.0
configure:3894: checking for glib-config
configure:3927: result: no
configure:3894: checking for glib12-config
configure:3927: result: no
configure:3987: checking for glib-config
configure:4018: result: no
configure:4026: checking for GLIB - version >= 1.2.6
configure:4160: result: no
configure:4246: error: Test for glib failed.
GNU Midnight Commander requires glib 1.2.6 or above.

## ---------------- ##
## Cache variables. ##
## ---------------- ##

ac_cv_build=x86_64-suse-linux
ac_cv_build_alias=x86_64-suse-linux
ac_cv_c_compiler_gnu=yes
ac_cv_env_CC_set=
ac_cv_env_CC_value=
ac_cv_env_CFLAGS_set=
ac_cv_env_CFLAGS_value=
ac_cv_env_CPPFLAGS_set=
ac_cv_env_CPPFLAGS_value=
ac_cv_env_CPP_set=
ac_cv_env_CPP_value=
ac_cv_env_GLIB_CONFIG_set=
ac_cv_env_GLIB_CONFIG_value=
ac_cv_env_LDFLAGS_set=
ac_cv_env_LDFLAGS_value=
ac_cv_env_build_alias_set=
ac_cv_env_build_alias_value=
ac_cv_env_host_alias_set=
ac_cv_env_host_alias_value=
ac_cv_env_target_alias_set=
ac_cv_env_target_alias_value=
ac_cv_exeext=
ac_cv_header_inttypes_h=yes
ac_cv_header_memory_h=yes
ac_cv_header_minix_config_h=no
ac_cv_header_stdc=yes
ac_cv_header_stdint_h=yes
ac_cv_header_stdlib_h=yes
ac_cv_header_string_h=yes
ac_cv_header_strings_h=yes
ac_cv_header_sys_stat_h=yes
ac_cv_header_sys_types_h=yes
ac_cv_header_unistd_h=yes
ac_cv_host=x86_64-suse-linux
ac_cv_host_alias=x86_64-suse-linux
ac_cv_objext=o
ac_cv_path_GLIB_CONFIG=no
ac_cv_path_PKG_CONFIG=/usr/bin/pkg-config
ac_cv_path_install='/usr/bin/install -c'
ac_cv_prog_AWK=gawk
ac_cv_prog_CPP='gcc -E'
ac_cv_prog_ac_ct_CC=gcc
ac_cv_prog_cc_g=yes
ac_cv_prog_cc_stdc=
ac_cv_prog_egrep='grep -E'
ac_cv_prog_make_make_set=yes
ac_cv_search_strerror='none required'
am_cv_CC_dependencies_compiler_type=gcc3

## ----------------- ##
## Output variables. ##
## ----------------- ##

ACLOCAL='${SHELL} /home/op/a8ru3h/mc-install/mc-4.6.1/config/missing --run aclocal-1.8'
ALLOCA=''
AMDEPBACKSLASH='\'
AMDEP_FALSE='#'
AMDEP_TRUE=''
AMTAR='${SHELL} /home/op/a8ru3h/mc-install/mc-4.6.1/config/missing --run tar'
AR=''
AUTOCONF='${SHELL} /home/op/a8ru3h/mc-install/mc-4.6.1/config/missing --run autoconf'
AUTOHEADER='${SHELL} /home/op/a8ru3h/mc-install/mc-4.6.1/config/missing --run autoheader'
AUTOMAKE='${SHELL} /home/op/a8ru3h/mc-install/mc-4.6.1/config/missing --run automake-1.8'
AWK='gawk'
BUILD_INCLUDED_LIBINTL=''
CATOBJEXT=''
CC='gcc'
CCDEPMODE='depmode=gcc3'
CFLAGS='-g -O2'
CHARSET_FALSE=''
CHARSET_TRUE=''
CONS_SAVER_FALSE=''
CONS_SAVER_TRUE=''
CPP='gcc -E'
CPPFLAGS=''
CYGPATH_W='echo'
DATADIRNAME=''
DEFS=''
DEPDIR='.deps'
DOC_LINGUAS=''
ECHO_C=''
ECHO_N='-n'
ECHO_T=''
EGREP='grep -E'
EXEEXT=''
GENCAT=''
GLIBC21=''
GLIB_CFLAGS=''
GLIB_CONFIG='no'
GLIB_LIBS=''
GMODULE_CFLAGS=''
GMODULE_LIBS=''
GMSGFMT=''
HAVE_FILECMD=''
HAVE_ZIPINFO=''
HAVE_nroff=''
INCLUDED_SLANG_FALSE=''
INCLUDED_SLANG_TRUE=''
INSTALL_DATA='${INSTALL} -m 644'
INSTALL_PROGRAM='${INSTALL}'
INSTALL_SCRIPT='${INSTALL}'
INSTALL_STRIP_PROGRAM='${SHELL} $(install_sh) -c -s'
INSTOBJEXT=''
INTLBISON=''
INTLLIBS=''
INTLOBJS=''
INTL_LIBTOOL_SUFFIX_PREFIX=''
LDFLAGS=''
LIBICONV=''
LIBINTL=''
LIBOBJS=''
LIBS=''
LN_S=''
LTLIBICONV=''
LTLIBINTL=''
LTLIBOBJS=''
MAINT='#'
MAINTAINER_MODE_FALSE=''
MAINTAINER_MODE_TRUE='#'
MAKEINFO='${SHELL} /home/op/a8ru3h/mc-install/mc-4.6.1/config/missing --run makeinfo'
MANDOC=''
MAN_FLAGS=''
MCLIBS=''
MCSERVLIBS=''
MKINSTALLDIRS=''
MSGFMT=''
MSGMERGE=''
OBJEXT='o'
PACKAGE='mc'
PACKAGE_BUGREPORT=''
PACKAGE_NAME=''
PACKAGE_STRING=''
PACKAGE_TARNAME=''
PACKAGE_VERSION=''
PATH_SEPARATOR=':'
PERL=''
PKG_CONFIG='/usr/bin/pkg-config'
POSUB=''
RANLIB=''
RPM_VERSION=''
SET_MAKE=''
SHELL='/bin/sh'
STRIP=''
UNZIP=''
USE_EDIT_FALSE=''
USE_EDIT_TRUE=''
USE_INCLUDED_LIBINTL=''
USE_MCFS_FALSE=''
USE_MCFS_TRUE=''
USE_NLS=''
USE_SAMBA_FS_FALSE=''
USE_SAMBA_FS_TRUE=''
USE_UNDEL_FS_FALSE=''
USE_UNDEL_FS_TRUE=''
USE_VFS_FALSE=''
USE_VFS_NET_FALSE=''
USE_VFS_NET_TRUE=''
USE_VFS_TRUE=''
VERSION='4.6.1'
X11_WWW=''
XGETTEXT=''
X_CFLAGS=''
X_EXTRA_LIBS=''
X_LIBS=''
X_PRE_LIBS=''
ZIP=''
ac_ct_AR=''
ac_ct_CC='gcc'
ac_ct_RANLIB=''
ac_ct_STRIP=''
am__fastdepCC_FALSE='#'
am__fastdepCC_TRUE=''
am__include='include'
am__leading_dot='.'
am__quote=''
bindir='${exec_prefix}/bin'
build='x86_64-suse-linux'
build_alias=''
build_cpu='x86_64'
build_os='linux'
build_vendor='suse'
configdir=''
datadir='${prefix}/share'
exec_prefix='NONE'
host='x86_64-suse-linux'
host_alias=''
host_cpu='x86_64'
host_os='linux'
host_vendor='suse'
includedir='${prefix}/include'
infodir='${prefix}/info'
install_sh='/home/op/a8ru3h/mc-install/mc-4.6.1/config/install-sh'
libdir='${exec_prefix}/lib'
libexecdir='${exec_prefix}/libexec'
localstatedir='${prefix}/var'
mandir='${prefix}/man'
mkdir_p='mkdir -p -- .'
oldincludedir='/usr/include'
prefix='NONE'
program_transform_name='s,x,x,'
sbindir='${exec_prefix}/sbin'
sharedstatedir='${prefix}/com'
subdirs=''
sysconfdir='${prefix}/etc'
target_alias=''

## ----------- ##
## confdefs.h. ##
## ----------- ##

#define HAVE_INTTYPES_H 1
#define HAVE_MEMORY_H 1
#define HAVE_STDINT_H 1
#define HAVE_STDLIB_H 1
#define HAVE_STRINGS_H 1
#define HAVE_STRING_H 1
#define HAVE_SYS_STAT_H 1
#define HAVE_SYS_TYPES_H 1
#define HAVE_UNISTD_H 1
#define PACKAGE "mc"
#define PACKAGE_BUGREPORT ""
#define PACKAGE_NAME ""
#define PACKAGE_STRING ""
#define PACKAGE_TARNAME ""
#define PACKAGE_VERSION ""
#define STDC_HEADERS 1
#define VERSION "4.6.1"

configure: exit 1
